<?xml version="1.0" encoding="UTF-8"?>
<!-- Generated by org.testng.reporters.JUnitReportReporter -->
<testsuite hostname="DESKTOP-FQVHI6T" failures="0" tests="1" name="com.netBanking1.Testcases.TC_Add_EditCustomer_005" time="46.533" errors="0" timestamp="2021-09-02T10:41:19 IST" skipped="0">
  <testcase classname="com.netBanking1.Testcases.TC_Add_EditCustomer_005" name="addingNewCustomer" time="46.533"/>
  <system-out/>
</testsuite> <!-- com.netBanking1.Testcases.TC_Add_EditCustomer_005 -->
