<?xml version="1.0" encoding="UTF-8"?>
<!-- Generated by org.testng.reporters.JUnitReportReporter -->
<testsuite hostname="DESKTOP-FQVHI6T" failures="0" tests="3" name="com.netBanking1.Testcases.TC_Add_Edit_DeleteCustomer_005" time="49.410" errors="0" timestamp="2021-09-03T21:30:22 IST" skipped="0">
  <testcase classname="com.netBanking1.Testcases.TC_Add_Edit_DeleteCustomer_005" name="addingNewCustomer" time="21.503"/>
  <system-out/>
  <testcase classname="com.netBanking1.Testcases.TC_Add_Edit_DeleteCustomer_005" name="editCustomer" time="17.421"/>
  <system-out/>
  <testcase classname="com.netBanking1.Testcases.TC_Add_Edit_DeleteCustomer_005" name="deleteCustomer" time="10.486"/>
  <system-out/>
</testsuite> <!-- com.netBanking1.Testcases.TC_Add_Edit_DeleteCustomer_005 -->
