<?xml version="1.0" encoding="UTF-8"?>
<!-- Generated by org.testng.reporters.JUnitReportReporter -->
<testsuite hostname="DESKTOP-FQVHI6T" failures="0" tests="1" name="com.netBanking1.Testcases.TC_AddNewCustomer_003" time="18.362" errors="0" timestamp="2021-09-03T20:31:02 IST" skipped="0">
  <testcase classname="com.netBanking1.Testcases.TC_AddNewCustomer_003" name="addingNewCustomer" time="18.362"/>
  <system-out/>
</testsuite> <!-- com.netBanking1.Testcases.TC_AddNewCustomer_003 -->
