<?xml version="1.0" encoding="UTF-8"?>
<!-- Generated by org.testng.reporters.JUnitReportReporter -->
<testsuite hostname="DESKTOP-FQVHI6T" failures="0" tests="1" name="com.netBanking1.Testcases.TC_DeleteCustomer_006" time="14.221" errors="0" timestamp="2021-09-02T10:42:44 IST" skipped="0">
  <testcase classname="com.netBanking1.Testcases.TC_DeleteCustomer_006" name="deleteCustomer" time="14.221"/>
  <system-out/>
</testsuite> <!-- com.netBanking1.Testcases.TC_DeleteCustomer_006 -->
