<?xml version="1.0" encoding="UTF-8"?>
<!-- Generated by org.testng.reporters.JUnitReportReporter -->
<testsuite hostname="DESKTOP-FQVHI6T" failures="0" tests="1" name="com.netBanking1.Testcases.TC_LoginTest_001" time="2.674" errors="0" timestamp="2021-09-01T20:25:23 IST" skipped="0">
  <testcase classname="com.netBanking1.Testcases.TC_LoginTest_001" name="login" time="2.674"/>
  <system-out/>
</testsuite> <!-- com.netBanking1.Testcases.TC_LoginTest_001 -->
