<?xml version="1.0" encoding="UTF-8"?>
<!-- Generated by org.testng.reporters.JUnitReportReporter -->
<testsuite hostname="DESKTOP-FQVHI6T" failures="0" tests="3" name="com.netBanking1.Testcases.TC_Add_Edit_DeleteCustomer_005" time="47.747" errors="0" timestamp="2021-09-04T11:24:48 IST" skipped="0">
  <testcase classname="com.netBanking1.Testcases.TC_Add_Edit_DeleteCustomer_005" name="addingNewCustomer" time="22.245"/>
  <system-out/>
  <testcase classname="com.netBanking1.Testcases.TC_Add_Edit_DeleteCustomer_005" name="editCustomer" time="15.095"/>
  <system-out/>
  <testcase classname="com.netBanking1.Testcases.TC_Add_Edit_DeleteCustomer_005" name="deleteCustomer" time="10.407"/>
  <system-out/>
</testsuite> <!-- com.netBanking1.Testcases.TC_Add_Edit_DeleteCustomer_005 -->
