<?xml version="1.0" encoding="UTF-8"?>
<!-- Generated by org.testng.reporters.JUnitReportReporter -->
<testsuite skipped="0" hostname="DESKTOP-FQVHI6T" name="com.netBanking1.Testcases.TC_Add_Edit_DeleteCustomer_005" tests="3" failures="0" timestamp="2021-09-03T23:56:05 IST" time="44.026" errors="0">
  <testcase name="addingNewCustomer" time="19.130" classname="com.netBanking1.Testcases.TC_Add_Edit_DeleteCustomer_005"/>
  <system-out/>
  <testcase name="editCustomer" time="14.905" classname="com.netBanking1.Testcases.TC_Add_Edit_DeleteCustomer_005"/>
  <system-out/>
  <testcase name="deleteCustomer" time="9.991" classname="com.netBanking1.Testcases.TC_Add_Edit_DeleteCustomer_005"/>
  <system-out/>
</testsuite> <!-- com.netBanking1.Testcases.TC_Add_Edit_DeleteCustomer_005 -->
